<?xml version="1.0" encoding="UTF-8"?>
<testng-results skipped="0" failed="0" total="1" passed="1">
  <reporter-output>
  </reporter-output>
  <suite name="Default suite" duration-ms="7917" started-at="2021-07-17T06:33:49Z" finished-at="2021-07-17T06:33:57Z">
    <groups>
    </groups>
    <test name="Default test" duration-ms="7917" started-at="2021-07-17T06:33:49Z" finished-at="2021-07-17T06:33:57Z">
      <class name="SumValidation">
        <test-method status="PASS" signature="sumOfCourses()[pri:0, instance:SumValidation@735b5592]" name="sumOfCourses" duration-ms="7860" started-at="2021-07-17T12:03:49Z" finished-at="2021-07-17T12:03:57Z">
          <reporter-output>
          </reporter-output>
        </test-method> <!-- sumOfCourses -->
      </class> <!-- SumValidation -->
    </test> <!-- Default test -->
  </suite> <!-- Default suite -->
</testng-results>
